2024-08-04T09:54:22.517Z [31merror[39m: An error occurred while shortening url
2024-08-05T21:21:11.921Z [31merror[39m: Email fail to send.
2024-08-12T08:29:34.913Z [31merror[39m: Email fail to send.
2024-08-12T09:10:42.258Z [31merror[39m: Email failed to send. Error: Missing credentials for "PLAIN" Stack: Error: Missing credentials for "PLAIN"
    at SMTPConnection._formatError (C:\Users\USER\Desktop\Logical's\_mine_\projects\Scissors\server\node_modules\nodemailer\lib\smtp-connection\index.js:798:19)
    at SMTPConnection.login (C:\Users\USER\Desktop\Logical's\_mine_\projects\Scissors\server\node_modules\nodemailer\lib\smtp-connection\index.js:452:38)
    at C:\Users\USER\Desktop\Logical's\_mine_\projects\Scissors\server\node_modules\nodemailer\lib\smtp-transport\index.js:272:32
    at SMTPConnection.<anonymous> (C:\Users\USER\Desktop\Logical's\_mine_\projects\Scissors\server\node_modules\nodemailer\lib\smtp-connection\index.js:215:17)
    at Object.onceWrapper (node:events:628:28)
    at SMTPConnection.emit (node:events:514:28)
    at SMTPConnection._actionEHLO (C:\Users\USER\Desktop\Logical's\_mine_\projects\Scissors\server\node_modules\nodemailer\lib\smtp-connection\index.js:1360:14)
    at SMTPConnection._processResponse (C:\Users\USER\Desktop\Logical's\_mine_\projects\Scissors\server\node_modules\nodemailer\lib\smtp-connection\index.js:982:20)
    at SMTPConnection._onData (C:\Users\USER\Desktop\Logical's\_mine_\projects\Scissors\server\node_modules\nodemailer\lib\smtp-connection\index.js:763:14)
    at SMTPConnection._onSocketData (C:\Users\USER\Desktop\Logical's\_mine_\projects\Scissors\server\node_modules\nodemailer\lib\smtp-connection\index.js:195:44)
2024-08-12T21:23:09.110Z [31merror[39m: Redis error: Connection timeout
2024-08-14T00:45:03.473Z [31merror[39m: Redis error: Connection timeout
2024-08-14T10:28:02.999Z [31merror[39m: Redis error: Connection timeout
2024-08-15T11:59:20.469Z [31merror[39m: Redis error: Connection timeout
2024-08-15T14:33:00.191Z [31merror[39m: Redis error: Connection timeout
2024-08-15T15:13:24.429Z [31merror[39m: Redis error: Connection timeout
2024-08-15T15:13:24.565Z [31merror[39m: Redis error: ERR wrong number of arguments for 'auth' command
2024-08-15T15:13:25.008Z [31merror[39m: Redis error: ERR wrong number of arguments for 'auth' command
2024-08-15T15:13:25.116Z [31merror[39m: Redis error: ERR wrong number of arguments for 'auth' command
2024-08-15T15:13:25.274Z [31merror[39m: Redis error: ERR wrong number of arguments for 'auth' command
2024-08-15T15:13:25.578Z [31merror[39m: Redis error: ERR wrong number of arguments for 'auth' command
2024-08-15T15:13:25.845Z [31merror[39m: Redis error: ERR wrong number of arguments for 'auth' command
2024-08-15T15:13:26.198Z [31merror[39m: Redis error: ERR wrong number of arguments for 'auth' command
2024-08-15T15:13:26.616Z [31merror[39m: Redis error: ERR wrong number of arguments for 'auth' command
2024-08-15T15:13:27.035Z [31merror[39m: Redis error: ERR wrong number of arguments for 'auth' command
2024-08-15T15:13:27.491Z [31merror[39m: Redis error: ERR wrong number of arguments for 'auth' command
2024-08-15T15:13:27.998Z [31merror[39m: Redis error: ERR wrong number of arguments for 'auth' command
2024-08-15T15:13:28.511Z [31merror[39m: Redis error: ERR wrong number of arguments for 'auth' command
2024-08-15T15:13:29.024Z [31merror[39m: Redis error: ERR wrong number of arguments for 'auth' command
2024-08-15T15:13:29.534Z [31merror[39m: Redis error: ERR wrong number of arguments for 'auth' command
2024-08-15T15:13:30.046Z [31merror[39m: Redis error: ERR wrong number of arguments for 'auth' command
2024-08-15T15:13:30.554Z [31merror[39m: Redis error: ERR wrong number of arguments for 'auth' command
2024-08-15T15:13:31.063Z [31merror[39m: Redis error: ERR wrong number of arguments for 'auth' command
2024-08-15T15:13:31.581Z [31merror[39m: Redis error: ERR wrong number of arguments for 'auth' command
2024-08-15T15:13:32.090Z [31merror[39m: Redis error: ERR wrong number of arguments for 'auth' command
2024-08-15T15:13:32.609Z [31merror[39m: Redis error: ERR wrong number of arguments for 'auth' command
2024-08-15T15:13:33.122Z [31merror[39m: Redis error: ERR wrong number of arguments for 'auth' command
2024-08-15T15:13:33.637Z [31merror[39m: Redis error: ERR wrong number of arguments for 'auth' command
2024-08-15T15:13:34.157Z [31merror[39m: Redis error: ERR wrong number of arguments for 'auth' command
2024-08-15T15:13:34.677Z [31merror[39m: Redis error: ERR wrong number of arguments for 'auth' command
2024-08-15T15:13:35.187Z [31merror[39m: Redis error: ERR wrong number of arguments for 'auth' command
2024-08-15T15:13:35.696Z [31merror[39m: Redis error: ERR wrong number of arguments for 'auth' command
2024-08-15T15:13:36.204Z [31merror[39m: Redis error: ERR wrong number of arguments for 'auth' command
2024-08-15T15:13:36.709Z [31merror[39m: Redis error: ERR wrong number of arguments for 'auth' command
2024-08-15T15:13:37.215Z [31merror[39m: Redis error: ERR wrong number of arguments for 'auth' command
2024-08-15T15:13:37.719Z [31merror[39m: Redis error: ERR wrong number of arguments for 'auth' command
2024-08-15T15:13:38.236Z [31merror[39m: Redis error: ERR wrong number of arguments for 'auth' command
2024-08-15T15:13:38.744Z [31merror[39m: Redis error: ERR wrong number of arguments for 'auth' command
2024-08-15T15:13:39.258Z [31merror[39m: Redis error: ERR wrong number of arguments for 'auth' command
2024-08-15T15:13:39.768Z [31merror[39m: Redis error: ERR wrong number of arguments for 'auth' command
2024-08-15T15:13:40.286Z [31merror[39m: Redis error: ERR wrong number of arguments for 'auth' command
2024-08-15T15:13:40.800Z [31merror[39m: Redis error: ERR wrong number of arguments for 'auth' command
2024-08-15T15:13:41.313Z [31merror[39m: Redis error: ERR wrong number of arguments for 'auth' command
2024-08-15T15:13:41.830Z [31merror[39m: Redis error: ERR wrong number of arguments for 'auth' command
2024-08-15T15:13:42.349Z [31merror[39m: Redis error: ERR wrong number of arguments for 'auth' command
2024-08-15T15:13:42.856Z [31merror[39m: Redis error: ERR wrong number of arguments for 'auth' command
2024-08-15T15:13:43.366Z [31merror[39m: Redis error: ERR wrong number of arguments for 'auth' command
2024-08-15T15:13:43.871Z [31merror[39m: Redis error: ERR wrong number of arguments for 'auth' command
2024-08-15T15:13:44.378Z [31merror[39m: Redis error: ERR wrong number of arguments for 'auth' command
2024-08-15T15:13:44.882Z [31merror[39m: Redis error: ERR wrong number of arguments for 'auth' command
2024-08-15T15:13:45.401Z [31merror[39m: Redis error: ERR wrong number of arguments for 'auth' command
2024-08-15T15:13:45.915Z [31merror[39m: Redis error: ERR wrong number of arguments for 'auth' command
2024-08-15T15:13:46.421Z [31merror[39m: Redis error: ERR wrong number of arguments for 'auth' command
2024-08-15T15:13:46.930Z [31merror[39m: Redis error: ERR wrong number of arguments for 'auth' command
2024-08-15T15:13:47.446Z [31merror[39m: Redis error: ERR wrong number of arguments for 'auth' command
2024-08-15T15:13:47.948Z [31merror[39m: Redis error: ERR wrong number of arguments for 'auth' command
2024-08-15T15:13:48.458Z [31merror[39m: Redis error: ERR wrong number of arguments for 'auth' command
2024-08-15T15:13:48.967Z [31merror[39m: Redis error: ERR wrong number of arguments for 'auth' command
2024-08-15T15:13:49.481Z [31merror[39m: Redis error: ERR wrong number of arguments for 'auth' command
2024-08-15T15:13:49.991Z [31merror[39m: Redis error: ERR wrong number of arguments for 'auth' command
2024-08-15T15:13:50.510Z [31merror[39m: Redis error: ERR wrong number of arguments for 'auth' command
2024-08-15T15:13:51.020Z [31merror[39m: Redis error: ERR wrong number of arguments for 'auth' command
2024-08-15T15:13:51.530Z [31merror[39m: Redis error: ERR wrong number of arguments for 'auth' command
2024-08-15T15:13:52.041Z [31merror[39m: Redis error: ERR wrong number of arguments for 'auth' command
2024-08-15T15:13:52.559Z [31merror[39m: Redis error: ERR wrong number of arguments for 'auth' command
2024-08-15T15:13:53.074Z [31merror[39m: Redis error: ERR wrong number of arguments for 'auth' command
2024-08-15T15:13:53.586Z [31merror[39m: Redis error: ERR wrong number of arguments for 'auth' command
2024-08-15T15:13:54.097Z [31merror[39m: Redis error: ERR wrong number of arguments for 'auth' command
2024-08-15T15:13:54.607Z [31merror[39m: Redis error: ERR wrong number of arguments for 'auth' command
2024-08-15T15:13:55.121Z [31merror[39m: Redis error: ERR wrong number of arguments for 'auth' command
2024-08-15T15:13:55.639Z [31merror[39m: Redis error: ERR wrong number of arguments for 'auth' command
2024-08-15T15:13:56.145Z [31merror[39m: Redis error: ERR wrong number of arguments for 'auth' command
2024-08-15T15:13:56.658Z [31merror[39m: Redis error: ERR wrong number of arguments for 'auth' command
2024-08-15T15:13:57.162Z [31merror[39m: Redis error: ERR wrong number of arguments for 'auth' command
2024-08-15T15:13:57.666Z [31merror[39m: Redis error: ERR wrong number of arguments for 'auth' command
2024-08-15T15:13:58.170Z [31merror[39m: Redis error: ERR wrong number of arguments for 'auth' command
2024-08-15T15:13:58.685Z [31merror[39m: Redis error: ERR wrong number of arguments for 'auth' command
2024-08-15T15:13:59.188Z [31merror[39m: Redis error: ERR wrong number of arguments for 'auth' command
2024-08-15T15:13:59.697Z [31merror[39m: Redis error: ERR wrong number of arguments for 'auth' command
2024-08-15T15:14:00.201Z [31merror[39m: Redis error: ERR wrong number of arguments for 'auth' command
2024-08-15T15:14:00.716Z [31merror[39m: Redis error: ERR wrong number of arguments for 'auth' command
2024-08-15T15:14:01.220Z [31merror[39m: Redis error: ERR wrong number of arguments for 'auth' command
2024-08-15T15:14:01.728Z [31merror[39m: Redis error: ERR wrong number of arguments for 'auth' command
2024-08-15T15:14:02.247Z [31merror[39m: Redis error: ERR wrong number of arguments for 'auth' command
2024-08-15T15:14:02.760Z [31merror[39m: Redis error: ERR wrong number of arguments for 'auth' command
2024-08-15T15:14:03.277Z [31merror[39m: Redis error: ERR wrong number of arguments for 'auth' command
2024-08-15T15:14:03.790Z [31merror[39m: Redis error: ERR wrong number of arguments for 'auth' command
2024-08-15T15:14:04.300Z [31merror[39m: Redis error: ERR wrong number of arguments for 'auth' command
2024-08-15T15:14:04.807Z [31merror[39m: Redis error: ERR wrong number of arguments for 'auth' command
2024-08-15T15:14:05.316Z [31merror[39m: Redis error: ERR wrong number of arguments for 'auth' command
2024-08-15T15:14:05.832Z [31merror[39m: Redis error: ERR wrong number of arguments for 'auth' command
2024-08-15T15:14:06.341Z [31merror[39m: Redis error: ERR wrong number of arguments for 'auth' command
2024-08-15T15:14:06.851Z [31merror[39m: Redis error: ERR wrong number of arguments for 'auth' command
2024-08-15T15:14:07.374Z [31merror[39m: Redis error: ERR wrong number of arguments for 'auth' command
2024-08-15T15:14:07.899Z [31merror[39m: Redis error: ERR wrong number of arguments for 'auth' command
2024-08-15T15:14:08.407Z [31merror[39m: Redis error: ERR wrong number of arguments for 'auth' command
2024-08-15T15:14:08.921Z [31merror[39m: Redis error: ERR wrong number of arguments for 'auth' command
2024-08-15T15:14:09.432Z [31merror[39m: Redis error: ERR wrong number of arguments for 'auth' command
2024-08-15T15:14:09.954Z [31merror[39m: Redis error: ERR wrong number of arguments for 'auth' command
2024-08-15T15:14:10.460Z [31merror[39m: Redis error: ERR wrong number of arguments for 'auth' command
2024-08-15T15:14:10.974Z [31merror[39m: Redis error: ERR wrong number of arguments for 'auth' command
2024-08-15T15:14:11.499Z [31merror[39m: Redis error: ERR wrong number of arguments for 'auth' command
2024-08-15T15:14:12.015Z [31merror[39m: Redis error: ERR wrong number of arguments for 'auth' command
2024-08-15T15:14:12.531Z [31merror[39m: Redis error: ERR wrong number of arguments for 'auth' command
2024-08-15T15:14:13.043Z [31merror[39m: Redis error: ERR wrong number of arguments for 'auth' command
2024-08-15T15:14:13.553Z [31merror[39m: Redis error: ERR wrong number of arguments for 'auth' command
2024-08-15T15:14:14.057Z [31merror[39m: Redis error: ERR wrong number of arguments for 'auth' command
2024-08-15T15:14:14.575Z [31merror[39m: Redis error: ERR wrong number of arguments for 'auth' command
2024-08-15T15:14:15.087Z [31merror[39m: Redis error: ERR wrong number of arguments for 'auth' command
2024-08-15T15:14:15.593Z [31merror[39m: Redis error: ERR wrong number of arguments for 'auth' command
2024-08-15T15:14:16.109Z [31merror[39m: Redis error: ERR wrong number of arguments for 'auth' command
2024-08-15T15:14:16.619Z [31merror[39m: Redis error: ERR wrong number of arguments for 'auth' command
2024-08-15T15:14:17.125Z [31merror[39m: Redis error: ERR wrong number of arguments for 'auth' command
2024-08-15T15:14:17.636Z [31merror[39m: Redis error: ERR wrong number of arguments for 'auth' command
2024-08-15T15:14:18.154Z [31merror[39m: Redis error: ERR wrong number of arguments for 'auth' command
2024-08-15T15:14:18.671Z [31merror[39m: Redis error: ERR wrong number of arguments for 'auth' command
2024-08-15T15:14:19.180Z [31merror[39m: Redis error: ERR wrong number of arguments for 'auth' command
2024-08-15T15:14:19.734Z [31merror[39m: Redis error: ERR wrong number of arguments for 'auth' command
2024-08-15T15:14:20.236Z [31merror[39m: Redis error: ERR wrong number of arguments for 'auth' command
2024-08-15T15:14:20.744Z [31merror[39m: Redis error: ERR wrong number of arguments for 'auth' command
2024-08-15T15:14:21.254Z [31merror[39m: Redis error: ERR wrong number of arguments for 'auth' command
2024-08-15T15:14:21.762Z [31merror[39m: Redis error: ERR wrong number of arguments for 'auth' command
2024-08-15T15:14:22.282Z [31merror[39m: Redis error: ERR wrong number of arguments for 'auth' command
2024-08-15T15:14:22.790Z [31merror[39m: Redis error: ERR wrong number of arguments for 'auth' command
2024-08-15T15:14:23.298Z [31merror[39m: Redis error: ERR wrong number of arguments for 'auth' command
2024-08-15T15:14:23.805Z [31merror[39m: Redis error: ERR wrong number of arguments for 'auth' command
2024-08-15T15:14:24.312Z [31merror[39m: Redis error: ERR wrong number of arguments for 'auth' command
2024-08-15T15:14:24.821Z [31merror[39m: Redis error: ERR wrong number of arguments for 'auth' command
2024-08-15T15:14:25.339Z [31merror[39m: Redis error: ERR wrong number of arguments for 'auth' command
2024-08-15T15:14:25.851Z [31merror[39m: Redis error: ERR wrong number of arguments for 'auth' command
2024-08-15T15:14:26.363Z [31merror[39m: Redis error: ERR wrong number of arguments for 'auth' command
2024-08-15T15:14:26.873Z [31merror[39m: Redis error: ERR wrong number of arguments for 'auth' command
2024-08-15T15:14:27.417Z [31merror[39m: Redis error: ERR wrong number of arguments for 'auth' command
2024-08-15T15:14:27.922Z [31merror[39m: Redis error: ERR wrong number of arguments for 'auth' command
2024-08-15T15:14:28.441Z [31merror[39m: Redis error: ERR wrong number of arguments for 'auth' command
2024-08-15T15:14:28.950Z [31merror[39m: Redis error: ERR wrong number of arguments for 'auth' command
2024-08-15T15:14:29.460Z [31merror[39m: Redis error: ERR wrong number of arguments for 'auth' command
2024-08-15T15:14:29.971Z [31merror[39m: Redis error: ERR wrong number of arguments for 'auth' command
2024-08-15T15:14:30.485Z [31merror[39m: Redis error: ERR wrong number of arguments for 'auth' command
2024-08-15T15:14:30.995Z [31merror[39m: Redis error: ERR wrong number of arguments for 'auth' command
2024-08-15T15:14:31.505Z [31merror[39m: Redis error: ERR wrong number of arguments for 'auth' command
2024-08-15T15:14:32.009Z [31merror[39m: Redis error: ERR wrong number of arguments for 'auth' command
2024-08-15T15:14:32.528Z [31merror[39m: Redis error: ERR wrong number of arguments for 'auth' command
2024-08-15T15:14:33.043Z [31merror[39m: Redis error: ERR wrong number of arguments for 'auth' command
2024-08-15T15:14:33.549Z [31merror[39m: Redis error: ERR wrong number of arguments for 'auth' command
2024-08-15T15:14:34.066Z [31merror[39m: Redis error: ERR wrong number of arguments for 'auth' command
2024-08-15T15:14:34.570Z [31merror[39m: Redis error: ERR wrong number of arguments for 'auth' command
2024-08-15T15:14:35.079Z [31merror[39m: Redis error: ERR wrong number of arguments for 'auth' command
2024-08-15T15:14:35.597Z [31merror[39m: Redis error: ERR wrong number of arguments for 'auth' command
2024-08-15T15:14:36.108Z [31merror[39m: Redis error: ERR wrong number of arguments for 'auth' command
2024-08-15T15:14:36.616Z [31merror[39m: Redis error: ERR wrong number of arguments for 'auth' command
2024-08-15T15:14:37.133Z [31merror[39m: Redis error: ERR wrong number of arguments for 'auth' command
2024-08-15T15:14:37.652Z [31merror[39m: Redis error: ERR wrong number of arguments for 'auth' command
2024-08-15T15:14:38.183Z [31merror[39m: Redis error: ERR wrong number of arguments for 'auth' command
2024-08-15T15:14:38.695Z [31merror[39m: Redis error: ERR wrong number of arguments for 'auth' command
2024-08-15T15:14:39.201Z [31merror[39m: Redis error: ERR wrong number of arguments for 'auth' command
2024-08-15T15:14:39.708Z [31merror[39m: Redis error: ERR wrong number of arguments for 'auth' command
2024-08-15T15:14:40.218Z [31merror[39m: Redis error: ERR wrong number of arguments for 'auth' command
2024-08-15T15:14:40.725Z [31merror[39m: Redis error: ERR wrong number of arguments for 'auth' command
2024-08-15T15:14:41.247Z [31merror[39m: Redis error: ERR wrong number of arguments for 'auth' command
2024-08-15T15:14:41.764Z [31merror[39m: Redis error: ERR wrong number of arguments for 'auth' command
2024-08-15T15:14:42.269Z [31merror[39m: Redis error: ERR wrong number of arguments for 'auth' command
2024-08-15T15:14:42.783Z [31merror[39m: Redis error: ERR wrong number of arguments for 'auth' command
2024-08-15T15:14:43.308Z [31merror[39m: Redis error: ERR wrong number of arguments for 'auth' command
2024-08-15T15:14:43.819Z [31merror[39m: Redis error: ERR wrong number of arguments for 'auth' command
2024-08-15T15:14:44.323Z [31merror[39m: Redis error: ERR wrong number of arguments for 'auth' command
2024-08-15T15:14:44.830Z [31merror[39m: Redis error: ERR wrong number of arguments for 'auth' command
2024-08-15T15:14:45.339Z [31merror[39m: Redis error: ERR wrong number of arguments for 'auth' command
2024-08-15T15:14:45.851Z [31merror[39m: Redis error: ERR wrong number of arguments for 'auth' command
2024-08-15T15:14:46.363Z [31merror[39m: Redis error: ERR wrong number of arguments for 'auth' command
2024-08-15T15:14:46.873Z [31merror[39m: Redis error: ERR wrong number of arguments for 'auth' command
2024-08-15T15:14:47.389Z [31merror[39m: Redis error: ERR wrong number of arguments for 'auth' command
2024-08-15T15:14:47.900Z [31merror[39m: Redis error: ERR wrong number of arguments for 'auth' command
2024-08-15T15:14:48.406Z [31merror[39m: Redis error: ERR wrong number of arguments for 'auth' command
2024-08-15T15:14:48.917Z [31merror[39m: Redis error: ERR wrong number of arguments for 'auth' command
2024-08-15T15:14:49.428Z [31merror[39m: Redis error: ERR wrong number of arguments for 'auth' command
2024-08-15T15:14:49.933Z [31merror[39m: Redis error: ERR wrong number of arguments for 'auth' command
2024-08-15T15:14:50.452Z [31merror[39m: Redis error: ERR wrong number of arguments for 'auth' command
2024-08-15T15:14:50.978Z [31merror[39m: Redis error: ERR wrong number of arguments for 'auth' command
2024-08-15T15:14:51.503Z [31merror[39m: Redis error: ERR wrong number of arguments for 'auth' command
2024-08-15T15:14:52.016Z [31merror[39m: Redis error: ERR wrong number of arguments for 'auth' command
2024-08-15T15:14:52.537Z [31merror[39m: Redis error: ERR wrong number of arguments for 'auth' command
2024-08-15T15:14:53.053Z [31merror[39m: Redis error: ERR wrong number of arguments for 'auth' command
2024-08-15T15:14:53.569Z [31merror[39m: Redis error: ERR wrong number of arguments for 'auth' command
2024-08-15T15:14:54.081Z [31merror[39m: Redis error: ERR wrong number of arguments for 'auth' command
2024-08-15T15:14:54.597Z [31merror[39m: Redis error: ERR wrong number of arguments for 'auth' command
2024-08-15T15:14:55.103Z [31merror[39m: Redis error: ERR wrong number of arguments for 'auth' command
2024-08-15T15:14:55.613Z [31merror[39m: Redis error: ERR wrong number of arguments for 'auth' command
2024-08-15T15:14:56.124Z [31merror[39m: Redis error: ERR wrong number of arguments for 'auth' command
2024-08-15T15:14:56.640Z [31merror[39m: Redis error: ERR wrong number of arguments for 'auth' command
2024-08-15T15:14:57.144Z [31merror[39m: Redis error: ERR wrong number of arguments for 'auth' command
2024-08-15T15:14:57.656Z [31merror[39m: Redis error: ERR wrong number of arguments for 'auth' command
2024-08-15T15:14:58.160Z [31merror[39m: Redis error: ERR wrong number of arguments for 'auth' command
2024-08-15T15:14:58.672Z [31merror[39m: Redis error: ERR wrong number of arguments for 'auth' command
2024-08-15T15:14:59.177Z [31merror[39m: Redis error: ERR wrong number of arguments for 'auth' command
2024-08-15T15:14:59.682Z [31merror[39m: Redis error: ERR wrong number of arguments for 'auth' command
2024-08-15T15:15:00.195Z [31merror[39m: Redis error: ERR wrong number of arguments for 'auth' command
2024-08-15T15:15:00.707Z [31merror[39m: Redis error: ERR wrong number of arguments for 'auth' command
2024-08-15T15:15:01.214Z [31merror[39m: Redis error: ERR wrong number of arguments for 'auth' command
2024-08-15T15:15:01.721Z [31merror[39m: Redis error: ERR wrong number of arguments for 'auth' command
2024-08-15T15:15:02.229Z [31merror[39m: Redis error: ERR wrong number of arguments for 'auth' command
2024-08-15T15:15:02.746Z [31merror[39m: Redis error: ERR wrong number of arguments for 'auth' command
2024-08-15T15:15:03.254Z [31merror[39m: Redis error: ERR wrong number of arguments for 'auth' command
2024-08-15T15:15:03.761Z [31merror[39m: Redis error: ERR wrong number of arguments for 'auth' command
2024-08-15T15:15:04.276Z [31merror[39m: Redis error: ERR wrong number of arguments for 'auth' command
2024-08-15T15:15:04.789Z [31merror[39m: Redis error: ERR wrong number of arguments for 'auth' command
2024-08-15T15:15:05.307Z [31merror[39m: Redis error: ERR wrong number of arguments for 'auth' command
2024-08-15T15:15:05.820Z [31merror[39m: Redis error: ERR wrong number of arguments for 'auth' command
2024-08-15T15:15:06.330Z [31merror[39m: Redis error: ERR wrong number of arguments for 'auth' command
2024-08-15T15:15:06.836Z [31merror[39m: Redis error: ERR wrong number of arguments for 'auth' command
2024-08-15T15:15:07.349Z [31merror[39m: Redis error: ERR wrong number of arguments for 'auth' command
2024-08-15T15:15:07.864Z [31merror[39m: Redis error: ERR wrong number of arguments for 'auth' command
2024-08-15T15:15:08.368Z [31merror[39m: Redis error: ERR wrong number of arguments for 'auth' command
2024-08-15T15:15:08.873Z [31merror[39m: Redis error: ERR wrong number of arguments for 'auth' command
2024-08-15T15:15:09.379Z [31merror[39m: Redis error: ERR wrong number of arguments for 'auth' command
2024-08-15T15:15:09.898Z [31merror[39m: Redis error: ERR wrong number of arguments for 'auth' command
2024-08-15T15:15:10.416Z [31merror[39m: Redis error: ERR wrong number of arguments for 'auth' command
2024-08-15T15:15:10.927Z [31merror[39m: Redis error: ERR wrong number of arguments for 'auth' command
2024-08-15T15:15:11.446Z [31merror[39m: Redis error: ERR wrong number of arguments for 'auth' command
2024-08-15T15:15:11.954Z [31merror[39m: Redis error: ERR wrong number of arguments for 'auth' command
2024-08-15T15:15:12.463Z [31merror[39m: Redis error: ERR wrong number of arguments for 'auth' command
2024-08-15T15:15:12.980Z [31merror[39m: Redis error: ERR wrong number of arguments for 'auth' command
2024-08-15T15:15:13.495Z [31merror[39m: Redis error: ERR wrong number of arguments for 'auth' command
2024-08-15T15:15:14.011Z [31merror[39m: Redis error: ERR wrong number of arguments for 'auth' command
2024-08-15T15:15:14.524Z [31merror[39m: Redis error: ERR wrong number of arguments for 'auth' command
2024-08-15T15:15:15.031Z [31merror[39m: Redis error: ERR wrong number of arguments for 'auth' command
2024-08-15T15:15:15.543Z [31merror[39m: Redis error: ERR wrong number of arguments for 'auth' command
2024-08-15T15:15:16.055Z [31merror[39m: Redis error: ERR wrong number of arguments for 'auth' command
2024-08-15T15:15:16.571Z [31merror[39m: Redis error: ERR wrong number of arguments for 'auth' command
2024-08-15T15:15:17.081Z [31merror[39m: Redis error: ERR wrong number of arguments for 'auth' command
2024-08-15T15:15:17.593Z [31merror[39m: Redis error: ERR wrong number of arguments for 'auth' command
2024-08-15T15:15:18.103Z [31merror[39m: Redis error: ERR wrong number of arguments for 'auth' command
2024-08-15T15:15:18.773Z [31merror[39m: Redis error: ERR wrong number of arguments for 'auth' command
2024-08-15T15:15:19.303Z [31merror[39m: Redis error: ERR wrong number of arguments for 'auth' command
2024-08-15T15:15:19.818Z [31merror[39m: Redis error: ERR wrong number of arguments for 'auth' command
2024-08-15T15:15:20.341Z [31merror[39m: Redis error: ERR wrong number of arguments for 'auth' command
2024-08-15T15:15:20.907Z [31merror[39m: Redis error: ERR wrong number of arguments for 'auth' command
2024-08-15T15:15:21.414Z [31merror[39m: Redis error: ERR wrong number of arguments for 'auth' command
2024-08-15T15:15:21.924Z [31merror[39m: Redis error: ERR wrong number of arguments for 'auth' command
2024-08-15T15:15:22.440Z [31merror[39m: Redis error: ERR wrong number of arguments for 'auth' command
2024-08-15T15:15:22.955Z [31merror[39m: Redis error: ERR wrong number of arguments for 'auth' command
2024-08-15T15:15:23.463Z [31merror[39m: Redis error: ERR wrong number of arguments for 'auth' command
2024-08-15T15:15:23.971Z [31merror[39m: Redis error: ERR wrong number of arguments for 'auth' command
2024-08-15T15:15:24.507Z [31merror[39m: Redis error: ERR wrong number of arguments for 'auth' command
2024-08-15T15:15:25.018Z [31merror[39m: Redis error: ERR wrong number of arguments for 'auth' command
2024-08-15T15:15:25.533Z [31merror[39m: Redis error: ERR wrong number of arguments for 'auth' command
2024-08-15T15:15:26.047Z [31merror[39m: Redis error: ERR wrong number of arguments for 'auth' command
2024-08-15T15:15:26.553Z [31merror[39m: Redis error: ERR wrong number of arguments for 'auth' command
2024-08-15T15:15:27.060Z [31merror[39m: Redis error: ERR wrong number of arguments for 'auth' command
2024-08-15T15:15:27.572Z [31merror[39m: Redis error: ERR wrong number of arguments for 'auth' command
2024-08-15T15:15:28.084Z [31merror[39m: Redis error: ERR wrong number of arguments for 'auth' command
2024-08-15T15:15:28.601Z [31merror[39m: Redis error: ERR wrong number of arguments for 'auth' command
2024-08-15T15:15:29.110Z [31merror[39m: Redis error: ERR wrong number of arguments for 'auth' command
2024-08-15T15:15:29.628Z [31merror[39m: Redis error: ERR wrong number of arguments for 'auth' command
2024-08-15T15:15:30.138Z [31merror[39m: Redis error: ERR wrong number of arguments for 'auth' command
2024-08-15T15:15:30.653Z [31merror[39m: Redis error: ERR wrong number of arguments for 'auth' command
2024-08-15T15:15:31.162Z [31merror[39m: Redis error: ERR wrong number of arguments for 'auth' command
2024-08-15T15:15:31.670Z [31merror[39m: Redis error: ERR wrong number of arguments for 'auth' command
2024-08-15T15:15:32.185Z [31merror[39m: Redis error: ERR wrong number of arguments for 'auth' command
2024-08-15T15:15:32.703Z [31merror[39m: Redis error: ERR wrong number of arguments for 'auth' command
2024-08-15T15:15:33.208Z [31merror[39m: Redis error: ERR wrong number of arguments for 'auth' command
2024-08-15T15:15:33.716Z [31merror[39m: Redis error: ERR wrong number of arguments for 'auth' command
2024-08-15T15:15:34.222Z [31merror[39m: Redis error: ERR wrong number of arguments for 'auth' command
2024-08-15T15:15:34.732Z [31merror[39m: Redis error: ERR wrong number of arguments for 'auth' command
2024-08-15T15:15:35.246Z [31merror[39m: Redis error: ERR wrong number of arguments for 'auth' command
2024-08-15T15:15:35.762Z [31merror[39m: Redis error: ERR wrong number of arguments for 'auth' command
2024-08-15T15:15:36.271Z [31merror[39m: Redis error: ERR wrong number of arguments for 'auth' command
2024-08-15T15:15:36.777Z [31merror[39m: Redis error: ERR wrong number of arguments for 'auth' command
2024-08-15T15:15:37.289Z [31merror[39m: Redis error: ERR wrong number of arguments for 'auth' command
2024-08-15T15:15:37.798Z [31merror[39m: Redis error: ERR wrong number of arguments for 'auth' command
2024-08-15T15:15:38.315Z [31merror[39m: Redis error: ERR wrong number of arguments for 'auth' command
2024-08-15T15:15:38.817Z [31merror[39m: Redis error: ERR wrong number of arguments for 'auth' command
2024-08-15T15:15:39.322Z [31merror[39m: Redis error: ERR wrong number of arguments for 'auth' command
2024-08-15T15:15:39.830Z [31merror[39m: Redis error: ERR wrong number of arguments for 'auth' command
2024-08-15T15:15:40.341Z [31merror[39m: Redis error: ERR wrong number of arguments for 'auth' command
2024-08-15T15:15:40.848Z [31merror[39m: Redis error: ERR wrong number of arguments for 'auth' command
2024-08-15T15:15:41.362Z [31merror[39m: Redis error: ERR wrong number of arguments for 'auth' command
2024-08-15T15:15:41.875Z [31merror[39m: Redis error: ERR wrong number of arguments for 'auth' command
2024-08-15T15:15:42.382Z [31merror[39m: Redis error: ERR wrong number of arguments for 'auth' command
2024-08-15T15:20:16.098Z [31merror[39m: Redis error: ERR wrong number of arguments for 'auth' command
2024-08-15T15:20:16.104Z [31merror[39m: Redis error: ERR wrong number of arguments for 'auth' command
2024-08-15T15:20:16.200Z [31merror[39m: Redis error: ERR wrong number of arguments for 'auth' command
2024-08-15T15:20:16.312Z [31merror[39m: Redis error: ERR wrong number of arguments for 'auth' command
2024-08-15T15:20:16.489Z [31merror[39m: Redis error: ERR wrong number of arguments for 'auth' command
2024-08-15T15:20:16.697Z [31merror[39m: Redis error: ERR wrong number of arguments for 'auth' command
2024-08-15T15:20:16.955Z [31merror[39m: Redis error: ERR wrong number of arguments for 'auth' command
2024-08-15T15:20:17.270Z [31merror[39m: Redis error: ERR wrong number of arguments for 'auth' command
2024-08-15T15:20:17.640Z [31merror[39m: Redis error: ERR wrong number of arguments for 'auth' command
2024-08-15T15:20:18.050Z [31merror[39m: Redis error: ERR wrong number of arguments for 'auth' command
2024-08-15T15:20:18.513Z [31merror[39m: Redis error: ERR wrong number of arguments for 'auth' command
2024-08-15T15:20:19.032Z [31merror[39m: Redis error: ERR wrong number of arguments for 'auth' command
2024-08-15T15:20:19.549Z [31merror[39m: Redis error: ERR wrong number of arguments for 'auth' command
2024-08-15T15:20:20.075Z [31merror[39m: Redis error: ERR wrong number of arguments for 'auth' command
2024-08-15T15:20:20.595Z [31merror[39m: Redis error: ERR wrong number of arguments for 'auth' command
2024-08-15T15:20:21.107Z [31merror[39m: Redis error: ERR wrong number of arguments for 'auth' command
2024-08-15T15:20:21.624Z [31merror[39m: Redis error: ERR wrong number of arguments for 'auth' command
2024-08-15T15:20:22.142Z [31merror[39m: Redis error: ERR wrong number of arguments for 'auth' command
2024-08-15T15:20:22.657Z [31merror[39m: Redis error: ERR wrong number of arguments for 'auth' command
2024-08-15T15:20:23.161Z [31merror[39m: Redis error: ERR wrong number of arguments for 'auth' command
2024-08-15T15:20:23.678Z [31merror[39m: Redis error: ERR wrong number of arguments for 'auth' command
2024-08-15T15:20:24.198Z [31merror[39m: Redis error: ERR wrong number of arguments for 'auth' command
2024-08-15T15:20:24.742Z [31merror[39m: Redis error: ERR wrong number of arguments for 'auth' command
2024-08-15T15:20:25.269Z [31merror[39m: Redis error: ERR wrong number of arguments for 'auth' command
2024-08-15T15:20:25.777Z [31merror[39m: Redis error: ERR wrong number of arguments for 'auth' command
2024-08-15T15:20:26.292Z [31merror[39m: Redis error: ERR wrong number of arguments for 'auth' command
2024-08-15T15:20:26.803Z [31merror[39m: Redis error: ERR wrong number of arguments for 'auth' command
2024-08-15T15:20:27.307Z [31merror[39m: Redis error: ERR wrong number of arguments for 'auth' command
2024-08-15T15:20:27.828Z [31merror[39m: Redis error: ERR wrong number of arguments for 'auth' command
2024-08-15T15:20:28.347Z [31merror[39m: Redis error: ERR wrong number of arguments for 'auth' command
2024-08-15T15:20:28.857Z [31merror[39m: Redis error: ERR wrong number of arguments for 'auth' command
2024-08-15T15:20:29.371Z [31merror[39m: Redis error: ERR wrong number of arguments for 'auth' command
2024-08-15T15:20:29.880Z [31merror[39m: Redis error: ERR wrong number of arguments for 'auth' command
2024-08-15T15:20:30.389Z [31merror[39m: Redis error: ERR wrong number of arguments for 'auth' command
2024-08-15T15:20:30.903Z [31merror[39m: Redis error: ERR wrong number of arguments for 'auth' command
2024-08-15T15:20:31.425Z [31merror[39m: Redis error: ERR wrong number of arguments for 'auth' command
2024-08-15T15:20:31.934Z [31merror[39m: Redis error: ERR wrong number of arguments for 'auth' command
2024-08-15T15:20:32.443Z [31merror[39m: Redis error: ERR wrong number of arguments for 'auth' command
2024-08-15T15:20:32.948Z [31merror[39m: Redis error: ERR wrong number of arguments for 'auth' command
2024-08-15T15:20:33.456Z [31merror[39m: Redis error: ERR wrong number of arguments for 'auth' command
2024-08-15T15:20:33.967Z [31merror[39m: Redis error: ERR wrong number of arguments for 'auth' command
2024-08-15T15:20:34.476Z [31merror[39m: Redis error: ERR wrong number of arguments for 'auth' command
2024-08-15T15:20:34.998Z [31merror[39m: Redis error: ERR wrong number of arguments for 'auth' command
2024-08-15T15:20:35.509Z [31merror[39m: Redis error: ERR wrong number of arguments for 'auth' command
2024-08-15T15:20:36.020Z [31merror[39m: Redis error: ERR wrong number of arguments for 'auth' command
2024-08-15T15:20:36.545Z [31merror[39m: Redis error: ERR wrong number of arguments for 'auth' command
2024-08-15T15:20:37.051Z [31merror[39m: Redis error: ERR wrong number of arguments for 'auth' command
2024-08-15T15:20:37.557Z [31merror[39m: Redis error: ERR wrong number of arguments for 'auth' command
2024-08-15T15:20:38.065Z [31merror[39m: Redis error: ERR wrong number of arguments for 'auth' command
2024-08-15T15:20:38.579Z [31merror[39m: Redis error: ERR wrong number of arguments for 'auth' command
2024-08-15T15:20:39.097Z [31merror[39m: Redis error: ERR wrong number of arguments for 'auth' command
2024-08-15T15:20:39.607Z [31merror[39m: Redis error: ERR wrong number of arguments for 'auth' command
2024-08-15T15:20:40.121Z [31merror[39m: Redis error: ERR wrong number of arguments for 'auth' command
2024-08-15T15:20:40.625Z [31merror[39m: Redis error: ERR wrong number of arguments for 'auth' command
2024-08-15T15:20:41.165Z [31merror[39m: Redis error: ERR wrong number of arguments for 'auth' command
2024-08-15T15:20:41.670Z [31merror[39m: Redis error: ERR wrong number of arguments for 'auth' command
2024-08-15T15:20:42.183Z [31merror[39m: Redis error: ERR wrong number of arguments for 'auth' command
2024-08-15T15:20:42.686Z [31merror[39m: Redis error: ERR wrong number of arguments for 'auth' command
2024-08-15T15:20:43.196Z [31merror[39m: Redis error: ERR wrong number of arguments for 'auth' command
2024-08-15T15:20:43.714Z [31merror[39m: Redis error: ERR wrong number of arguments for 'auth' command
2024-08-15T15:20:44.222Z [31merror[39m: Redis error: ERR wrong number of arguments for 'auth' command
2024-08-15T15:20:44.747Z [31merror[39m: Redis error: ERR wrong number of arguments for 'auth' command
2024-08-15T15:20:45.316Z [31merror[39m: Redis error: ERR wrong number of arguments for 'auth' command
2024-08-15T15:20:45.824Z [31merror[39m: Redis error: ERR wrong number of arguments for 'auth' command
2024-08-15T15:20:46.337Z [31merror[39m: Redis error: ERR wrong number of arguments for 'auth' command
2024-08-15T15:20:46.843Z [31merror[39m: Redis error: ERR wrong number of arguments for 'auth' command
2024-08-15T15:20:47.345Z [31merror[39m: Redis error: ERR wrong number of arguments for 'auth' command
2024-08-15T15:20:47.852Z [31merror[39m: Redis error: ERR wrong number of arguments for 'auth' command
2024-08-15T15:20:48.385Z [31merror[39m: Redis error: ERR wrong number of arguments for 'auth' command
2024-08-15T15:20:48.922Z [31merror[39m: Redis error: ERR wrong number of arguments for 'auth' command
2024-08-15T15:20:49.441Z [31merror[39m: Redis error: ERR wrong number of arguments for 'auth' command
2024-08-15T15:20:49.954Z [31merror[39m: Redis error: ERR wrong number of arguments for 'auth' command
2024-08-15T15:20:50.469Z [31merror[39m: Redis error: ERR wrong number of arguments for 'auth' command
2024-08-15T15:20:50.988Z [31merror[39m: Redis error: ERR wrong number of arguments for 'auth' command
2024-08-15T15:20:51.494Z [31merror[39m: Redis error: ERR wrong number of arguments for 'auth' command
2024-08-15T15:20:52.009Z [31merror[39m: Redis error: ERR wrong number of arguments for 'auth' command
2024-08-15T15:20:52.523Z [31merror[39m: Redis error: ERR wrong number of arguments for 'auth' command
2024-08-15T15:20:53.028Z [31merror[39m: Redis error: ERR wrong number of arguments for 'auth' command
2024-08-15T15:20:53.536Z [31merror[39m: Redis error: ERR wrong number of arguments for 'auth' command
2024-08-15T15:20:54.051Z [31merror[39m: Redis error: ERR wrong number of arguments for 'auth' command
2024-08-15T15:20:54.560Z [31merror[39m: Redis error: ERR wrong number of arguments for 'auth' command
2024-08-15T15:20:55.068Z [31merror[39m: Redis error: ERR wrong number of arguments for 'auth' command
2024-08-15T15:20:55.574Z [31merror[39m: Redis error: ERR wrong number of arguments for 'auth' command
2024-08-15T15:20:56.077Z [31merror[39m: Redis error: ERR wrong number of arguments for 'auth' command
2024-08-15T15:20:56.580Z [31merror[39m: Redis error: ERR wrong number of arguments for 'auth' command
2024-08-15T15:20:57.108Z [31merror[39m: Redis error: ERR wrong number of arguments for 'auth' command
2024-08-15T15:20:57.638Z [31merror[39m: Redis error: ERR wrong number of arguments for 'auth' command
2024-08-15T15:20:58.155Z [31merror[39m: Redis error: ERR wrong number of arguments for 'auth' command
2024-08-15T15:20:58.672Z [31merror[39m: Redis error: ERR wrong number of arguments for 'auth' command
2024-08-15T15:20:59.183Z [31merror[39m: Redis error: ERR wrong number of arguments for 'auth' command
2024-08-15T15:20:59.690Z [31merror[39m: Redis error: ERR wrong number of arguments for 'auth' command
2024-08-15T15:21:00.207Z [31merror[39m: Redis error: ERR wrong number of arguments for 'auth' command
2024-08-15T15:21:00.715Z [31merror[39m: Redis error: ERR wrong number of arguments for 'auth' command
2024-08-15T15:21:01.224Z [31merror[39m: Redis error: ERR wrong number of arguments for 'auth' command
2024-08-15T15:21:01.737Z [31merror[39m: Redis error: ERR wrong number of arguments for 'auth' command
2024-08-15T15:21:02.248Z [31merror[39m: Redis error: ERR wrong number of arguments for 'auth' command
2024-08-15T15:21:02.751Z [31merror[39m: Redis error: ERR wrong number of arguments for 'auth' command
2024-08-15T15:21:03.264Z [31merror[39m: Redis error: ERR wrong number of arguments for 'auth' command
2024-08-15T15:21:03.769Z [31merror[39m: Redis error: ERR wrong number of arguments for 'auth' command
2024-08-15T15:21:04.282Z [31merror[39m: Redis error: ERR wrong number of arguments for 'auth' command
2024-08-15T15:21:04.802Z [31merror[39m: Redis error: ERR wrong number of arguments for 'auth' command
2024-08-15T15:21:05.320Z [31merror[39m: Redis error: ERR wrong number of arguments for 'auth' command
2024-08-15T15:21:05.835Z [31merror[39m: Redis error: ERR wrong number of arguments for 'auth' command
2024-08-15T15:21:06.349Z [31merror[39m: Redis error: ERR wrong number of arguments for 'auth' command
2024-08-15T15:21:06.865Z [31merror[39m: Redis error: ERR wrong number of arguments for 'auth' command
2024-08-15T15:21:07.387Z [31merror[39m: Redis error: ERR wrong number of arguments for 'auth' command
2024-08-15T15:21:07.905Z [31merror[39m: Redis error: ERR wrong number of arguments for 'auth' command
2024-08-15T15:21:08.420Z [31merror[39m: Redis error: ERR wrong number of arguments for 'auth' command
2024-08-15T15:21:08.931Z [31merror[39m: Redis error: ERR wrong number of arguments for 'auth' command
2024-08-15T15:21:09.434Z [31merror[39m: Redis error: ERR wrong number of arguments for 'auth' command
2024-08-15T15:21:09.951Z [31merror[39m: Redis error: ERR wrong number of arguments for 'auth' command
2024-08-15T15:21:10.457Z [31merror[39m: Redis error: ERR wrong number of arguments for 'auth' command
2024-08-15T15:21:10.971Z [31merror[39m: Redis error: ERR wrong number of arguments for 'auth' command
2024-08-15T15:21:11.473Z [31merror[39m: Redis error: ERR wrong number of arguments for 'auth' command
2024-08-15T15:21:11.976Z [31merror[39m: Redis error: ERR wrong number of arguments for 'auth' command
2024-08-15T15:21:12.491Z [31merror[39m: Redis error: ERR wrong number of arguments for 'auth' command
2024-08-15T15:21:13.008Z [31merror[39m: Redis error: ERR wrong number of arguments for 'auth' command
2024-08-15T15:21:13.516Z [31merror[39m: Redis error: ERR wrong number of arguments for 'auth' command
2024-08-15T15:21:14.028Z [31merror[39m: Redis error: ERR wrong number of arguments for 'auth' command
2024-08-15T15:21:14.544Z [31merror[39m: Redis error: ERR wrong number of arguments for 'auth' command
2024-08-15T15:21:15.050Z [31merror[39m: Redis error: ERR wrong number of arguments for 'auth' command
2024-08-15T15:21:15.564Z [31merror[39m: Redis error: ERR wrong number of arguments for 'auth' command
2024-08-15T15:21:16.074Z [31merror[39m: Redis error: ERR wrong number of arguments for 'auth' command
2024-08-15T15:21:16.593Z [31merror[39m: Redis error: ERR wrong number of arguments for 'auth' command
2024-08-15T15:21:17.106Z [31merror[39m: Redis error: ERR wrong number of arguments for 'auth' command
2024-08-15T15:21:17.621Z [31merror[39m: Redis error: ERR wrong number of arguments for 'auth' command
2024-08-15T15:21:18.140Z [31merror[39m: Redis error: ERR wrong number of arguments for 'auth' command
2024-08-15T15:21:18.659Z [31merror[39m: Redis error: ERR wrong number of arguments for 'auth' command
2024-08-15T15:21:19.169Z [31merror[39m: Redis error: ERR wrong number of arguments for 'auth' command
2024-08-15T15:21:19.688Z [31merror[39m: Redis error: ERR wrong number of arguments for 'auth' command
2024-08-15T15:21:20.195Z [31merror[39m: Redis error: ERR wrong number of arguments for 'auth' command
2024-08-15T15:21:20.710Z [31merror[39m: Redis error: ERR wrong number of arguments for 'auth' command
2024-08-15T15:21:21.212Z [31merror[39m: Redis error: ERR wrong number of arguments for 'auth' command
2024-08-15T15:21:21.727Z [31merror[39m: Redis error: ERR wrong number of arguments for 'auth' command
2024-08-15T15:21:22.236Z [31merror[39m: Redis error: ERR wrong number of arguments for 'auth' command
2024-08-15T15:21:22.748Z [31merror[39m: Redis error: ERR wrong number of arguments for 'auth' command
2024-08-15T15:21:23.255Z [31merror[39m: Redis error: ERR wrong number of arguments for 'auth' command
2024-08-15T15:21:23.768Z [31merror[39m: Redis error: ERR wrong number of arguments for 'auth' command
2024-08-15T15:21:24.284Z [31merror[39m: Redis error: ERR wrong number of arguments for 'auth' command
2024-08-15T15:21:24.795Z [31merror[39m: Redis error: ERR wrong number of arguments for 'auth' command
2024-08-15T15:21:25.314Z [31merror[39m: Redis error: ERR wrong number of arguments for 'auth' command
2024-08-15T15:21:25.827Z [31merror[39m: Redis error: ERR wrong number of arguments for 'auth' command
2024-08-15T15:21:26.334Z [31merror[39m: Redis error: ERR wrong number of arguments for 'auth' command
2024-08-15T15:21:26.844Z [31merror[39m: Redis error: ERR wrong number of arguments for 'auth' command
2024-08-15T15:21:27.359Z [31merror[39m: Redis error: ERR wrong number of arguments for 'auth' command
2024-08-15T15:21:27.875Z [31merror[39m: Redis error: ERR wrong number of arguments for 'auth' command
2024-08-15T15:21:28.385Z [31merror[39m: Redis error: ERR wrong number of arguments for 'auth' command
2024-08-15T15:21:28.904Z [31merror[39m: Redis error: ERR wrong number of arguments for 'auth' command
2024-08-15T15:21:29.421Z [31merror[39m: Redis error: ERR wrong number of arguments for 'auth' command
2024-08-15T15:21:29.929Z [31merror[39m: Redis error: ERR wrong number of arguments for 'auth' command
2024-08-15T15:21:30.436Z [31merror[39m: Redis error: ERR wrong number of arguments for 'auth' command
2024-08-15T15:21:30.945Z [31merror[39m: Redis error: ERR wrong number of arguments for 'auth' command
2024-08-15T15:21:31.451Z [31merror[39m: Redis error: ERR wrong number of arguments for 'auth' command
2024-08-15T15:21:31.958Z [31merror[39m: Redis error: ERR wrong number of arguments for 'auth' command
2024-08-15T15:21:32.471Z [31merror[39m: Redis error: ERR wrong number of arguments for 'auth' command
2024-08-15T15:21:32.980Z [31merror[39m: Redis error: ERR wrong number of arguments for 'auth' command
2024-08-15T15:21:33.485Z [31merror[39m: Redis error: ERR wrong number of arguments for 'auth' command
2024-08-15T15:21:33.997Z [31merror[39m: Redis error: ERR wrong number of arguments for 'auth' command
2024-08-15T15:21:34.507Z [31merror[39m: Redis error: ERR wrong number of arguments for 'auth' command
2024-08-15T15:21:35.025Z [31merror[39m: Redis error: ERR wrong number of arguments for 'auth' command
2024-08-15T15:21:35.531Z [31merror[39m: Redis error: ERR wrong number of arguments for 'auth' command
2024-08-15T15:21:36.049Z [31merror[39m: Redis error: ERR wrong number of arguments for 'auth' command
2024-08-15T15:21:36.563Z [31merror[39m: Redis error: ERR wrong number of arguments for 'auth' command
2024-08-15T15:21:37.079Z [31merror[39m: Redis error: ERR wrong number of arguments for 'auth' command
2024-08-15T15:21:37.586Z [31merror[39m: Redis error: ERR wrong number of arguments for 'auth' command
2024-08-15T15:21:38.102Z [31merror[39m: Redis error: ERR wrong number of arguments for 'auth' command
2024-08-15T15:21:38.609Z [31merror[39m: Redis error: ERR wrong number of arguments for 'auth' command
2024-08-15T15:21:39.132Z [31merror[39m: Redis error: ERR wrong number of arguments for 'auth' command
2024-08-15T15:21:39.648Z [31merror[39m: Redis error: ERR wrong number of arguments for 'auth' command
2024-08-15T15:21:40.161Z [31merror[39m: Redis error: ERR wrong number of arguments for 'auth' command
2024-08-15T15:21:40.678Z [31merror[39m: Redis error: ERR wrong number of arguments for 'auth' command
2024-08-15T15:21:41.186Z [31merror[39m: Redis error: ERR wrong number of arguments for 'auth' command
2024-08-15T15:21:41.697Z [31merror[39m: Redis error: ERR wrong number of arguments for 'auth' command
2024-08-15T15:21:42.200Z [31merror[39m: Redis error: ERR wrong number of arguments for 'auth' command
2024-08-15T15:21:42.706Z [31merror[39m: Redis error: ERR wrong number of arguments for 'auth' command
2024-08-15T15:21:43.218Z [31merror[39m: Redis error: ERR wrong number of arguments for 'auth' command
2024-08-15T15:31:03.506Z [31merror[39m: Redis error: Connection timeout
2024-08-15T16:55:25.337Z [31merror[39m: Redis error: Connection timeout
2024-08-15T17:55:07.234Z [31merror[39m: Redis error: Connection timeout
2024-08-15T18:47:19.930Z [31merror[39m: Redis error: Connection timeout
